2020-10-11 23:16:47,894 INFO o.a.j.u.JMeterUtils: Setting Locale to en_EN
2020-10-11 23:16:47,902 INFO o.a.j.JMeter: Loading user properties from: C:\apache-jmeter-5.3\bin\user.properties
2020-10-11 23:16:47,903 INFO o.a.j.JMeter: Loading system properties from: C:\apache-jmeter-5.3\bin\system.properties
2020-10-11 23:16:47,904 INFO o.a.j.JMeter: Copyright (c) 1998-2020 The Apache Software Foundation
2020-10-11 23:16:47,904 INFO o.a.j.JMeter: Version 5.3
2020-10-11 23:16:47,904 INFO o.a.j.JMeter: java.version=1.8.0_231
2020-10-11 23:16:47,904 INFO o.a.j.JMeter: java.vm.name=Java HotSpot(TM) 64-Bit Server VM
2020-10-11 23:16:47,904 INFO o.a.j.JMeter: os.name=Windows 10
2020-10-11 23:16:47,904 INFO o.a.j.JMeter: os.arch=amd64
2020-10-11 23:16:47,904 INFO o.a.j.JMeter: os.version=10.0
2020-10-11 23:16:47,904 INFO o.a.j.JMeter: file.encoding=Cp1252
2020-10-11 23:16:47,904 INFO o.a.j.JMeter: java.awt.headless=null
2020-10-11 23:16:47,904 INFO o.a.j.JMeter: Max memory     =1073741824
2020-10-11 23:16:47,904 INFO o.a.j.JMeter: Available Processors =6
2020-10-11 23:16:47,908 INFO o.a.j.JMeter: Default Locale=English (EN)
2020-10-11 23:16:47,908 INFO o.a.j.JMeter: JMeter  Locale=English (EN)
2020-10-11 23:16:47,908 INFO o.a.j.JMeter: JMeterHome=C:\apache-jmeter-5.3
2020-10-11 23:16:47,908 INFO o.a.j.JMeter: user.dir  =C:\Users\jkind\Desktop\jmeter
2020-10-11 23:16:47,908 INFO o.a.j.JMeter: PWD       =C:\Users\jkind\Desktop\jmeter
2020-10-11 23:16:52,429 INFO o.a.j.JMeter: IP: 192.168.99.1 Name: GANJAMANIX FullName: GANJAMANIX
2020-10-11 23:16:52,484 INFO o.a.j.JMeter: Setting LAF to: com.github.weisj.darklaf.DarkLaf:com.github.weisj.darklaf.theme.DarculaTheme
2020-10-11 23:16:52,731 INFO o.a.j.JMeter: Loaded icon properties from org/apache/jmeter/images/icon.properties
2020-10-11 23:17:01,339 INFO o.a.j.s.FileServer: Default base='C:\Users\jkind\Desktop\jmeter'
2020-10-11 23:17:01,342 INFO o.a.j.g.a.Load: Loading file: C:\Users\jkind\Desktop\jmeter\testing.jmx
2020-10-11 23:17:01,342 INFO o.a.j.s.FileServer: Set new base='C:\Users\jkind\Desktop\jmeter'
2020-10-11 23:17:01,440 INFO o.a.j.s.SaveService: Testplan (JMX) version: 2.2. Testlog (JTL) version: 2.2
2020-10-11 23:17:01,451 INFO o.a.j.s.SaveService: Using SaveService properties file encoding UTF-8
2020-10-11 23:17:01,452 INFO o.a.j.s.SaveService: Using SaveService properties version 5.0
2020-10-11 23:17:01,454 INFO o.a.j.s.SaveService: Loading file: C:\Users\jkind\Desktop\jmeter\testing.jmx
2020-10-11 23:17:01,471 INFO o.a.j.p.h.s.HTTPSamplerBase: Parser for text/html is org.apache.jmeter.protocol.http.parser.LagartoBasedHtmlParser
2020-10-11 23:17:01,472 INFO o.a.j.p.h.s.HTTPSamplerBase: Parser for application/xhtml+xml is org.apache.jmeter.protocol.http.parser.LagartoBasedHtmlParser
2020-10-11 23:17:01,472 INFO o.a.j.p.h.s.HTTPSamplerBase: Parser for application/xml is org.apache.jmeter.protocol.http.parser.LagartoBasedHtmlParser
2020-10-11 23:17:01,472 INFO o.a.j.p.h.s.HTTPSamplerBase: Parser for text/xml is org.apache.jmeter.protocol.http.parser.LagartoBasedHtmlParser
2020-10-11 23:17:01,472 INFO o.a.j.p.h.s.HTTPSamplerBase: Parser for text/vnd.wap.wml is org.apache.jmeter.protocol.http.parser.RegexpHTMLParser
2020-10-11 23:17:01,472 INFO o.a.j.p.h.s.HTTPSamplerBase: Parser for text/css is org.apache.jmeter.protocol.http.parser.CssParser
2020-10-11 23:17:01,593 INFO o.a.j.s.SampleResult: Note: Sample TimeStamps are START times
2020-10-11 23:17:01,593 INFO o.a.j.s.SampleResult: sampleresult.default.encoding is set to ISO-8859-1
2020-10-11 23:17:01,593 INFO o.a.j.s.SampleResult: sampleresult.useNanoTime=true
2020-10-11 23:17:01,593 INFO o.a.j.s.SampleResult: sampleresult.nanoThreadSleep=5000
2020-10-11 23:17:01,749 INFO o.a.j.s.FileServer: Set new base='C:\Users\jkind\Desktop\jmeter'
2020-10-11 23:17:11,152 INFO o.a.j.e.StandardJMeterEngine: Running the test!
2020-10-11 23:17:11,152 INFO o.a.j.s.SampleEvent: List of sample_variables: []
2020-10-11 23:17:11,153 INFO o.a.j.s.SampleEvent: List of sample_variables: []
2020-10-11 23:17:11,154 INFO o.a.j.e.u.CompoundVariable: Note: Function class names must contain the string: '.functions.'
2020-10-11 23:17:11,154 INFO o.a.j.e.u.CompoundVariable: Note: Function class names must not contain the string: '.gui.'
2020-10-11 23:17:11,331 INFO o.a.j.r.ResultCollector: Folder at C:\Users\jkind\Desktop\jmeter\result\example was created
2020-10-11 23:17:11,332 INFO o.a.j.g.u.JMeterMenuBar: setRunning(true, *local*)
2020-10-11 23:17:11,401 INFO o.a.j.e.StandardJMeterEngine: Starting ThreadGroup: 1 : example
2020-10-11 23:17:11,402 INFO o.a.j.e.StandardJMeterEngine: Starting 1 threads for group example.
2020-10-11 23:17:11,402 INFO o.a.j.e.StandardJMeterEngine: Test will stop on error
2020-10-11 23:17:11,402 INFO o.a.j.t.ThreadGroup: Starting thread group... number=1 threads=1 ramp-up=1 delayedStart=false
2020-10-11 23:17:11,406 INFO o.a.j.t.ThreadGroup: Started thread group number 1
2020-10-11 23:17:11,406 INFO o.a.j.e.StandardJMeterEngine: All thread groups have been started
2020-10-11 23:17:11,409 INFO o.a.j.t.JMeterThread: Thread started: example 1-1
2020-10-11 23:17:11,411 INFO o.a.j.s.FileServer: Stored: var.csv
2020-10-11 23:17:11,422 INFO o.a.j.p.h.s.HTTPHCAbstractImpl: Local host = GANJAMANIX
2020-10-11 23:17:11,428 INFO o.a.j.p.h.s.HTTPHC4Impl: HTTP request retry count = 0
2020-10-11 23:17:13,751 INFO o.a.j.t.JMeterThread: Shutdown Test detected by thread: example 1-1
2020-10-11 23:17:13,752 INFO o.a.j.t.JMeterThread: Thread finished: example 1-1
2020-10-11 23:17:13,752 INFO o.a.j.e.StandardJMeterEngine: Notifying test listeners of end of test
2020-10-11 23:17:13,752 INFO o.a.j.s.FileServer: Close: var.csv
2020-10-11 23:17:13,753 INFO o.a.j.g.u.JMeterMenuBar: setRunning(false, *local*)
2020-10-11 23:17:31,231 INFO o.a.j.e.StandardJMeterEngine: Running the test!
2020-10-11 23:17:31,231 INFO o.a.j.s.SampleEvent: List of sample_variables: []
2020-10-11 23:17:31,233 INFO o.a.j.g.u.JMeterMenuBar: setRunning(true, *local*)
2020-10-11 23:17:31,290 INFO o.a.j.e.StandardJMeterEngine: Starting ThreadGroup: 1 : example
2020-10-11 23:17:31,290 INFO o.a.j.e.StandardJMeterEngine: Starting 1 threads for group example.
2020-10-11 23:17:31,290 INFO o.a.j.e.StandardJMeterEngine: Test will stop on error
2020-10-11 23:17:31,290 INFO o.a.j.t.ThreadGroup: Starting thread group... number=1 threads=1 ramp-up=1 delayedStart=false
2020-10-11 23:17:31,290 INFO o.a.j.t.ThreadGroup: Started thread group number 1
2020-10-11 23:17:31,290 INFO o.a.j.e.StandardJMeterEngine: All thread groups have been started
2020-10-11 23:17:31,291 INFO o.a.j.t.JMeterThread: Thread started: example 1-1
2020-10-11 23:17:31,291 INFO o.a.j.s.FileServer: Stored: var.csv
2020-10-11 23:17:31,351 INFO o.a.j.t.JMeterThread: Thread is done: example 1-1
2020-10-11 23:17:31,352 INFO o.a.j.t.JMeterThread: Thread finished: example 1-1
2020-10-11 23:17:31,352 INFO o.a.j.e.StandardJMeterEngine: Notifying test listeners of end of test
2020-10-11 23:17:31,352 INFO o.a.j.s.FileServer: Close: var.csv
2020-10-11 23:17:31,353 INFO o.a.j.g.u.JMeterMenuBar: setRunning(false, *local*)
